1664217724625	geckodriver	INFO	Listening on 127.0.0.1:57402
1664217725166	mozrunner::runner	INFO	Running command: "C:\\Program Files\\Mozilla Firefox\\firefox.exe" "--marionette" "--remote-debugging-port" "57403" "--remote-allow-hosts" "localhost" "-no-remote" "-profile" "C:\\Users\\A710592\\AppData\\Local\\Temp\\rust_mozprofileDmGU7d"
1664217725904	Marionette	INFO	Marionette enabled
1664217725911	Marionette	INFO	Listening on port 57412
Read port: 57412
WebDriver BiDi listening on ws://127.0.0.1:57403
1664217726091	RemoteAgent	WARN	TLS certificate errors will be ignored for this session
console.warn: SearchSettings: "get: No settings file exists, new profile?" (new NotFoundError("Could not open the file at C:\\Users\\A710592\\AppData\\Local\\Temp\\rust_mozprofileDmGU7d\\search.json.mozlz4", (void 0)))
DevTools listening on ws://127.0.0.1:57403/devtools/browser/34e171cb-e7e1-4c6a-bd5f-c2940f06ccbf
JavaScript warning: https://www.fedex.com/mWfAxRHD/1Es/in3/BP0ger6qpB/JuuQDVXVzE/c3wnAQ/ejdzdBR/nYXUB, line 1: unreachable code after return statement
JavaScript warning: https://www.fedex.com/gdl/gdl-fedex.js, line 2: WEBGL_debug_renderer_info is deprecated in Firefox and will be removed. Please use RENDERER.
JavaScript warning: https://www.fedex.com/mWfAxRHD/1Es/in3/BP0ger6qpB/JuuQDVXVzE/c3wnAQ/ejdzdBR/nYXUB, line 1: WEBGL_debug_renderer_info is deprecated in Firefox and will be removed. Please use RENDERER.
JavaScript warning: https://www.fedex.com/mWfAxRHD/1Es/in3/BP0ger6qpB/JuuQDVXVzE/c3wnAQ/ejdzdBR/nYXUB, line 1: WEBGL_debug_renderer_info is deprecated in Firefox and will be removed. Please use RENDERER.
JavaScript warning: https://www.fedex.com/etc.clientlibs/fedex-core/clientlibs/clientlib-dependencies.min.7e0397849f3bb9ae52ab042b377426e5.js, line 1: unreachable code after return statement
JavaScript warning: https://www.fedex.com/mWfAxRHD/1Es/in3/BP0ger6qpB/JuuQDVXVzE/c3wnAQ/ejdzdBR/nYXUB, line 1: unreachable code after return statement
JavaScript warning: https://www.fedex.com/mWfAxRHD/1Es/in3/BP0ger6qpB/JuuQDVXVzE/c3wnAQ/ejdzdBR/nYXUB, line 1: WEBGL_debug_renderer_info is deprecated in Firefox and will be removed. Please use RENDERER.
JavaScript warning: https://www.fedex.com/mWfAxRHD/1Es/in3/BP0ger6qpB/JuuQDVXVzE/c3wnAQ/ejdzdBR/nYXUB, line 1: WEBGL_debug_renderer_info is deprecated in Firefox and will be removed. Please use RENDERER.
1664217763515	Marionette	INFO	Stopped listening on port 57412
WARNING: A blocker encountered an error while we were waiting.
          Blocker:  CrashMonitor: Writing notifications to file after receiving profile-before-change and awaiting all checkpoints written
          Phase: IOUtils: waiting for profileBeforeChange IO to complete
          State: {"profile-after-change":true,"final-ui-startup":true,"sessionstore-windows-restored":true,"quit-application-granted":true,"quit-application":true,"profile-change-net-teardown":true,"sessionstore-final-state-write-complete":true,"profile-change-teardown":true,"profile-before-change":true}
WARNING: OperationError: Could not move temporary file(C:\Users\A710592\AppData\Local\Temp\rust_mozprofileDmGU7d\sessionCheckpoints.json.tmp) to destination(C:\Users\A710592\AppData\Local\Temp\rust_mozprofileDmGU7d\sessionCheckpoints.json)
WARNING: observe@resource://gre/modules/AsyncShutdown.jsm:576:16

JavaScript error: resource://gre/modules/AsyncShutdown.jsm, line 576: OperationError: Could not move temporary file(C:\Users\A710592\AppData\Local\Temp\rust_mozprofileDmGU7d\sessionCheckpoints.json.tmp) to destination(C:\Users\A710592\AppData\Local\Temp\rust_mozprofileDmGU7d\sessionCheckpoints.json)
1664218447885	geckodriver	INFO	Listening on 127.0.0.1:63632
1664218448392	mozrunner::runner	INFO	Running command: "C:\\Program Files\\Mozilla Firefox\\firefox.exe" "--marionette" "--remote-debugging-port" "63633" "--remote-allow-hosts" "localhost" "-no-remote" "-profile" "C:\\Users\\A710592\\AppData\\Local\\Temp\\rust_mozprofilePkzLwK"
1664218449012	Marionette	INFO	Marionette enabled
1664218449018	Marionette	INFO	Listening on port 63641
Read port: 63641
WebDriver BiDi listening on ws://127.0.0.1:63633
1664218449173	RemoteAgent	WARN	TLS certificate errors will be ignored for this session
console.warn: SearchSettings: "get: No settings file exists, new profile?" (new NotFoundError("Could not open the file at C:\\Users\\A710592\\AppData\\Local\\Temp\\rust_mozprofilePkzLwK\\search.json.mozlz4", (void 0)))
DevTools listening on ws://127.0.0.1:63633/devtools/browser/3f0f8a29-e18a-4143-b79e-6ead892d18cf
JavaScript warning: https://www.fedex.com/mWfAxRHD/1Es/in3/BP0ger6qpB/JuuQDVXVzE/c3wnAQ/ejdzdBR/nYXUB, line 1: unreachable code after return statement
JavaScript warning: https://www.fedex.com/gdl/gdl-fedex.js, line 2: WEBGL_debug_renderer_info is deprecated in Firefox and will be removed. Please use RENDERER.
JavaScript warning: https://www.fedex.com/mWfAxRHD/1Es/in3/BP0ger6qpB/JuuQDVXVzE/c3wnAQ/ejdzdBR/nYXUB, line 1: WEBGL_debug_renderer_info is deprecated in Firefox and will be removed. Please use RENDERER.
JavaScript warning: https://www.fedex.com/mWfAxRHD/1Es/in3/BP0ger6qpB/JuuQDVXVzE/c3wnAQ/ejdzdBR/nYXUB, line 1: WEBGL_debug_renderer_info is deprecated in Firefox and will be removed. Please use RENDERER.
JavaScript warning: https://www.fedex.com/etc.clientlibs/fedex-core/clientlibs/clientlib-dependencies.min.7e0397849f3bb9ae52ab042b377426e5.js, line 1: unreachable code after return statement
JavaScript warning: https://www.fedex.com/mWfAxRHD/1Es/in3/BP0ger6qpB/JuuQDVXVzE/c3wnAQ/ejdzdBR/nYXUB, line 1: unreachable code after return statement
JavaScript warning: https://www.fedex.com/mWfAxRHD/1Es/in3/BP0ger6qpB/JuuQDVXVzE/c3wnAQ/ejdzdBR/nYXUB, line 1: WEBGL_debug_renderer_info is deprecated in Firefox and will be removed. Please use RENDERER.
JavaScript warning: https://www.fedex.com/mWfAxRHD/1Es/in3/BP0ger6qpB/JuuQDVXVzE/c3wnAQ/ejdzdBR/nYXUB, line 1: WEBGL_debug_renderer_info is deprecated in Firefox and will be removed. Please use RENDERER.
1664257208286	Marionette	INFO	Stopped listening on port 63641
console.warn: TopSitesFeed: Failed to fetch data from Contile server: NetworkError when attempting to fetch resource.
[Parent 16768, IPC I/O Parent] WARNING: file /builds/worker/checkouts/gecko/ipc/chromium/src/base/process_util_win.cc:167
al\\Temp\\rust_mozprofilenZzNhl"
1664254830151	Marionette	INFO	Marionette enabled
1664254830160	Marionette	INFO	Listening on port 49856
WebDriver BiDi listening on ws://127.0.0.1:49848
Read port: 49856
1664254830453	RemoteAgent	WARN	TLS certificate errors will be ignored for this session
console.error: Region.jsm: "Error fetching region" (new TypeError("NetworkError when attempting to fetch resource.", ""))
console.error: Region.jsm: "Failed to fetch region" (new Error("NO_RESULT", "resource://gre/modules/Region.jsm", 420))
console.warn: SearchSettings: "get: No settings file exists, new profile?" (new NotFoundError("Could not open the file at C:\\Users\\A710592\\AppData\\Local\\Temp\\rust_mozprofilenZzNhl\\search.json.mozlz4", (void 0)))
DevTools listening on ws://127.0.0.1:49848/devtools/browser/3cdcdc19-b4cc-47c1-a3ff-77798f72d0bc
1664255090290	Marionette	INFO	Stopped listening on port 49856
console.warn: TopSitesFeed: Failed to fetch data from Contile server: NetworkError when attempting to fetch resource.
1664255103463	geckodriver	INFO	Listening on 127.0.0.1:51130
1664255103976	mozrunner::runner	INFO	Running command: "C:\\Program Files\\Mozilla Firefox\\firefox.exe" "--marionette" "--remote-debugging-port" "51131" "--remote-allow-hosts" "localhost" "-no-remote" "-profile" "C:\\Users\\A710592\\AppData\\Local\\Temp\\rust_mozprofileqEVqA4"
1664255104620	Marionette	INFO	Marionette enabled
1664255104628	Marionette	INFO	Listening on port 51139
Read port: 51139
WebDriver BiDi listening on ws://127.0.0.1:51131
1664255104811	RemoteAgent	WARN	TLS certificate errors will be ignored for this session
console.warn: SearchSettings: "get: No settings file exists, new profile?" (new NotFoundError("Could not open the file at C:\\Users\\A710592\\AppData\\Local\\Temp\\rust_mozprofileqEVqA4\\search.json.mozlz4", (void 0)))
DevTools listening on ws://127.0.0.1:51131/devtools/browser/61b50b1e-4576-4a15-9eab-5a89135214ec
JavaScript warning: https://www.fedex.com/epv4xNHwq/vrBuHG3Pg/t79NQXJ4hY5u/PxVSYg/QlgSHxlY/GDMB, line 1: unreachable code after return statement
JavaScript warning: https://www.fedex.com/gdl/gdl-fedex.js, line 2: WEBGL_debug_renderer_info is deprecated in Firefox and will be removed. Please use RENDERER.
JavaScript warning: https://www.fedex.com/epv4xNHwq/vrBuHG3Pg/t79NQXJ4hY5u/PxVSYg/QlgSHxlY/GDMB, line 1: WEBGL_debug_renderer_info is deprecated in Firefox and will be removed. Please use RENDERER.
JavaScript warning: https://www.fedex.com/epv4xNHwq/vrBuHG3Pg/t79NQXJ4hY5u/PxVSYg/QlgSHxlY/GDMB, line 1: WEBGL_debug_renderer_info is deprecated in Firefox and will be removed. Please use RENDERER.
JavaScript warning: https://www.fedex.com/etc.clientlibs/fedex-core/clientlibs/clientlib-dependencies.min.7e0397849f3bb9ae52ab042b377426e5.js, line 1: unreachable code after return statement
JavaScript warning: https://www.fedex.com/epv4xNHwq/vrBuHG3Pg/t79NQXJ4hY5u/PxVSYg/QlgSHxlY/GDMB, line 1: unreachable code after return statement
JavaScript warning: https://www.fedex.com/epv4xNHwq/vrBuHG3Pg/t79NQXJ4hY5u/PxVSYg/QlgSHxlY/GDMB, line 1: WEBGL_debug_renderer_info is deprecated in Firefox and will be removed. Please use RENDERER.
JavaScript warning: https://www.fedex.com/epv4xNHwq/vrBuHG3Pg/t79NQXJ4hY5u/PxVSYg/QlgSHxlY/GDMB, line 1: WEBGL_debug_renderer_info is deprecated in Firefox and will be removed. Please use RENDERER.
1664255138334	Marionette	INFO	Stopped listening on port 51139
1664256783810	geckodriver	INFO	Listening on 127.0.0.1:52764
1664256783844	mozrunner::runner	INFO	Running command: "C:\\Program Files\\Mozilla Firefox\\firefox.exe" "--marionette" "--remote-debugging-port" "52765" "--remote-allow-hosts" "localhost" "-no-remote" "-profile" "C:\\Users\\A710592\\AppData\\Local\\Temp\\rust_mozprofileLqJy1v"
1664256784463	Marionette	INFO	Marionette enabled
1664256784471	Marionette	INFO	Listening on port 52772
Read port: 52772
WebDriver BiDi listening on ws://127.0.0.1:52765
1664256784624	RemoteAgent	WARN	TLS certificate errors will be ignored for this session
console.warn: SearchSettings: "get: No settings file exists, new profile?" (new NotFoundError("Could not open the file at C:\\Users\\A710592\\AppData\\Local\\Temp\\rust_mozprofileLqJy1v\\search.json.mozlz4", (void 0)))
DevTools listening on ws://127.0.0.1:52765/devtools/browser/873d348e-ed92-4b12-b384-2f4a64db74e7
JavaScript warning: https://www.fedex.com/epv4xNHwq/vrBuHG3Pg/t79NQXJ4hY5u/PxVSYg/QlgSHxlY/GDMB, line 1: unreachable code after return statement
JavaScript warning: https://www.fedex.com/gdl/gdl-fedex.js, line 2: WEBGL_debug_renderer_info is deprecated in Firefox and will be removed. Please use RENDERER.
JavaScript warning: https://www.fedex.com/epv4xNHwq/vrBuHG3Pg/t79NQXJ4hY5u/PxVSYg/QlgSHxlY/GDMB, line 1: WEBGL_debug_renderer_info is deprecated in Firefox and will be removed. Please use RENDERER.
JavaScript warning: https://www.fedex.com/epv4xNHwq/vrBuHG3Pg/t79NQXJ4hY5u/PxVSYg/QlgSHxlY/GDMB, line 1: WEBGL_debug_renderer_info is deprecated in Firefox and will be removed. Please use RENDERER.
1664256813783	Marionette	INFO	Stopped listening on port 52772
console.warn: TopSitesFeed: Failed to fetch data from Contile server: NetworkError when attempting to fetch resource.
1664256830137	geckodriver	INFO	Listening on 127.0.0.1:52930
1664256830654	mozrunner::runner	INFO	Running command: "C:\\Program Files\\Mozilla Firefox\\firefox.exe" "--marionette" "--remote-debugging-port" "52931" "--remote-allow-hosts" "localhost" "-no-remote" "-profile" "C:\\Users\\A710592\\AppData\\Local\\Temp\\rust_mozprofileutoEy9"
1664256831097	Marionette	INFO	Marionette enabled
1664256831103	Marionette	INFO	Listening on port 52939
Read port: 52939
WebDriver BiDi listening on ws://127.0.0.1:52931
1664256831233	RemoteAgent	WARN	TLS certificate errors will be ignored for this session
console.warn: SearchSettings: "get: No settings file exists, new profile?" (new NotFoundError("Could not open the file at C:\\Users\\A710592\\AppData\\Local\\Temp\\rust_mozprofileutoEy9\\search.json.mozlz4", (void 0)))
DevTools listening on ws://127.0.0.1:52931/devtools/browser/b45e3ba4-fd56-47ae-b623-01cb47fbb7ee
JavaScript warning: https://www.fedex.com/gdl/gdl-fedex.js, line 2: WEBGL_debug_renderer_info is deprecated in Firefox and will be removed. Please use RENDERER.
JavaScript warning: https://www.fedex.com/epv4xNHwq/vrBuHG3Pg/t79NQXJ4hY5u/PxVSYg/QlgSHxlY/GDMB, line 1: unreachable code after return statement
JavaScript warning: https://www.fedex.com/epv4xNHwq/vrBuHG3Pg/t79NQXJ4hY5u/PxVSYg/QlgSHxlY/GDMB, line 1: WEBGL_debug_renderer_info is deprecated in Firefox and will be removed. Please use RENDERER.
JavaScript warning: https://www.fedex.com/epv4xNHwq/vrBuHG3Pg/t79NQXJ4hY5u/PxVSYg/QlgSHxlY/GDMB, line 1: WEBGL_debug_renderer_info is deprecated in Firefox and will be removed. Please use RENDERER.
JavaScript warning: https://www.fedex.com/etc.clientlibs/fedex-core/clientlibs/clientlib-dependencies.min.7e0397849f3bb9ae52ab042b377426e5.js, line 1: unreachable code after return statement
JavaScript warning: https://www.fedex.com/epv4xNHwq/vrBuHG3Pg/t79NQXJ4hY5u/PxVSYg/QlgSHxlY/GDMB, line 1: unreachable code after return statement
JavaScript warning: https://www.fedex.com/epv4xNHwq/vrBuHG3Pg/t79NQXJ4hY5u/PxVSYg/QlgSHxlY/GDMB, line 1: WEBGL_debug_renderer_info is deprecated in Firefox and will be removed. Please use RENDERER.
JavaScript warning: https://www.fedex.com/epv4xNHwq/vrBuHG3Pg/t79NQXJ4hY5u/PxVSYg/QlgSHxlY/GDMB, line 1: WEBGL_debug_renderer_info is deprecated in Firefox and will be removed. Please use RENDERER.
1664257207677	Marionette	INFO	Stopped listening on port 52939
console.warn: TopSitesFeed: Failed to fetch data from Contile server: NetworkError when attempting to fetch resource.
remote-debugging-port" "53121" "--remote-allow-hosts" "localhost" "-no-remote" "-profile" "C:\\Users\\A710592\\AppData\\Local\\Temp\\rust_mozprofile2B5LnT"
1664256875641	Marionette	INFO	Marionette enabled
1664256875648	Marionette	INFO	Listening on port 53128
WebDriver BiDi listening on ws://127.0.0.1:53121
Read port: 53128
1664256875914	RemoteAgent	WARN	TLS certificate errors will be ignored for this session
console.warn: SearchSettings: "get: No settings file exists, new profile?" (new NotFoundError("Could not open the file at C:\\Users\\A710592\\AppData\\Local\\Temp\\rust_mozprofile2B5LnT\\search.json.mozlz4", (void 0)))
DevTools listening on ws://127.0.0.1:53121/devtools/browser/a47cc2c7-854d-44a5-b2f8-681ee2045a93
JavaScript warning: https://www.fedex.com/gdl/gdl-fedex.js, line 2: WEBGL_debug_renderer_info is deprecated in Firefox and will be removed. Please use RENDERER.
JavaScript warning: https://www.fedex.com/epv4xNHwq/vrBuHG3Pg/t79NQXJ4hY5u/PxVSYg/QlgSHxlY/GDMB, line 1: unreachable code after return statement
JavaScript warning: https://www.fedex.com/epv4xNHwq/vrBuHG3Pg/t79NQXJ4hY5u/PxVSYg/QlgSHxlY/GDMB, line 1: WEBGL_debug_renderer_info is deprecated in Firefox and will be removed. Please use RENDERER.
JavaScript warning: https://www.fedex.com/epv4xNHwq/vrBuHG3Pg/t79NQXJ4hY5u/PxVSYg/QlgSHxlY/GDMB, line 1: WEBGL_debug_renderer_info is deprecated in Firefox and will be removed. Please use RENDERER.
1664256887898	Marionette	WARN	Ignoring event 'pageshow' because document has an invalid readyState of 'uninitialized'.
JavaScript warning: https://www.fedex.com/etc.clientlibs/fedex-core/clientlibs/clientlib-dependencies.min.7e0397849f3bb9ae52ab042b377426e5.js, line 1: unreachable code after return statement
JavaScript warning: https://www.fedex.com/epv4xNHwq/vrBuHG3Pg/t79NQXJ4hY5u/PxVSYg/QlgSHxlY/GDMB, line 1: unreachable code after return statement
JavaScript warning: https://www.fedex.com/epv4xNHwq/vrBuHG3Pg/t79NQXJ4hY5u/PxVSYg/QlgSHxlY/GDMB, line 1: WEBGL_debug_renderer_info is deprecated in Firefox and will be removed. Please use RENDERER.
JavaScript warning: https://www.fedex.com/epv4xNHwq/vrBuHG3Pg/t79NQXJ4hY5u/PxVSYg/QlgSHxlY/GDMB, line 1: WEBGL_debug_renderer_info is deprecated in Firefox and will be removed. Please use RENDERER.
1664257207657	Marionette	INFO	Stopped listening on port 53128
console.warn: TopSitesFeed: Failed to fetch data from Contile server: NetworkError when attempting to fetch resource.
1664427165795	geckodriver	INFO	Listening on 127.0.0.1:61843
1664427166300	mozrunner::runner	INFO	Running command: "C:\\Program Files\\Mozilla Firefox\\firefox.exe" "--marionette" "--remote-debugging-port" "61844" "--remote-allow-hosts" "localhost" "-no-remote" "-profile" "C:\\Users\\A710592\\AppData\\Local\\Temp\\rust_mozprofilefGcxt5"
1664427167189	Marionette	INFO	Marionette enabled
1664427167201	Marionette	INFO	Listening on port 61851
Read port: 61851
WebDriver BiDi listening on ws://127.0.0.1:61844
1664427167509	RemoteAgent	WARN	TLS certificate errors will be ignored for this session
console.warn: SearchSettings: "get: No settings file exists, new profile?" (new NotFoundError("Could not open the file at C:\\Users\\A710592\\AppData\\Local\\Temp\\rust_mozprofilefGcxt5\\search.json.mozlz4", (void 0)))
DevTools listening on ws://127.0.0.1:61844/devtools/browser/405e6498-aab4-46fd-b31b-5f19186b1b96
JavaScript warning: https://www.fedex.com/WEjbFZ/M/N/PFxw0_z7DOLh/uYXYt2GS/VElEcw/HFAd/T1tBYgsC, line 1: unreachable code after return statement
JavaScript warning: https://www.fedex.com/gdl/gdl-fedex.js, line 2: WEBGL_debug_renderer_info is deprecated in Firefox and will be removed. Please use RENDERER.
JavaScript warning: https://www.fedex.com/WEjbFZ/M/N/PFxw0_z7DOLh/uYXYt2GS/VElEcw/HFAd/T1tBYgsC, line 1: WEBGL_debug_renderer_info is deprecated in Firefox and will be removed. Please use RENDERER.
JavaScript warning: https://www.fedex.com/WEjbFZ/M/N/PFxw0_z7DOLh/uYXYt2GS/VElEcw/HFAd/T1tBYgsC, line 1: WEBGL_debug_renderer_info is deprecated in Firefox and will be removed. Please use RENDERER.
1664427180684	Marionette	INFO	Stopped listening on port 61851
[Parent 24196, IPC I/O Parent] WARNING: file /builds/worker/checkouts/gecko/ipc/chromium/src/base/process_util_win.cc:167
[Parent 24196, IPC I/O Parent] WARNING: file /builds/worker/checkouts/gecko/ipc/chromium/src/base/process_util_win.cc:167
